2025-08-24 22:38:24,154 - ABOV3.ErrorHandler - WARNING - {
  "error_type": "ValueError",
  "error_message": "Test error",
  "category": "validation_error",
  "severity": "medium",
  "context": {
    "request_id": null,
    "user_input": null,
    "project_path": null,
    "operation": "test_operation",
    "timestamp": "2025-08-24T22:38:24.153537",
    "environment": {
      "platform": "win32",
      "python_version": "3.13.7 (tags/v3.13.7:bcee1c3, Aug 14 2025, 14:15:11) [MSC v.1944 64 bit (AMD64)]",
      "working_dir": "C:\\Users\\fajar\\Documents\\ABOV3\\abov3-Genesis\\abov3-genesis-v1.0.0"
    },
    "additional_data": {}
  },
  "traceback": "Traceback (most recent call last):\n  File \"C:\\Users\\fajar\\Documents\\ABOV3\\abov3-Genesis\\abov3-genesis-v1.0.0\\run_tests.py\", line 195, in test_error_handling\n    raise ValueError(\"Test error\")\nValueError: Test error\n",
  "timestamp": "2025-08-24T22:38:24.154335",
  "recovery_attempted": false,
  "recovery_successful": false,
  "recovery_method": null
}
2025-08-24 22:45:16,989 - ABOV3.ErrorHandler - WARNING - {
  "error_type": "ValueError",
  "error_message": "Test error",
  "category": "validation_error",
  "severity": "medium",
  "context": {
    "request_id": null,
    "user_input": null,
    "project_path": null,
    "operation": "test_operation",
    "timestamp": "2025-08-24T22:45:16.989005",
    "environment": {
      "platform": "win32",
      "python_version": "3.13.7 (tags/v3.13.7:bcee1c3, Aug 14 2025, 14:15:11) [MSC v.1944 64 bit (AMD64)]",
      "working_dir": "C:\\Users\\fajar\\Documents\\ABOV3\\abov3-Genesis\\abov3-genesis-v1.0.0"
    },
    "additional_data": {}
  },
  "traceback": "Traceback (most recent call last):\n  File \"C:\\Users\\fajar\\Documents\\ABOV3\\abov3-Genesis\\abov3-genesis-v1.0.0\\run_tests.py\", line 195, in test_error_handling\n    raise ValueError(\"Test error\")\nValueError: Test error\n",
  "timestamp": "2025-08-24T22:45:16.989752",
  "recovery_attempted": false,
  "recovery_successful": false,
  "recovery_method": null
}
